<?xml version="1.0" encoding="UTF-8"?>
<testng-results skipped="0" failed="1" ignored="0" total="1" passed="0">
  <reporter-output>
    <line>
      <![CDATA[Element present [[ChromeDriver: chrome on XP (2c9ca35d110ef1b777fdb8c21ac644d2)] -> xpath: //span[text()='Sign In']]]]>
    </line>
    <line>
      <![CDATA[Element present [[ChromeDriver: chrome on XP (2c9ca35d110ef1b777fdb8c21ac644d2)] -> id: emailId]]]>
    </line>
    <line>
      <![CDATA[Element present [[ChromeDriver: chrome on XP (2c9ca35d110ef1b777fdb8c21ac644d2)] -> id: continueBtn]]]>
    </line>
    <line>
      <![CDATA[Element present [[ChromeDriver: chrome on XP (2c9ca35d110ef1b777fdb8c21ac644d2)] -> id: set-password]]]>
    </line>
    <line>
      <![CDATA[Element present [[ChromeDriver: chrome on XP (2c9ca35d110ef1b777fdb8c21ac644d2)] -> id: userRegister]]]>
    </line>
    <line>
      <![CDATA[Element present [[ChromeDriver: chrome on XP (2c9ca35d110ef1b777fdb8c21ac644d2)] -> xpath: //i[@class='icon first_arrow hidden-xs']]]]>
    </line>
    <line>
      <![CDATA[]]>
    </line>
    <line>
      <![CDATA[Element present [[ChromeDriver: chrome on XP (2c9ca35d110ef1b777fdb8c21ac644d2)] -> xpath: //a[@href='https://cvaccount.craftsvilla.com/customer/account/logout']]]]>
    </line>
    <line>
      <![CDATA[Element present [[ChromeDriver: chrome on XP (2c9ca35d110ef1b777fdb8c21ac644d2)] -> xpath: //span[text()='Sign In']]]]>
    </line>
    <line>
      <![CDATA[Element present [[ChromeDriver: chrome on XP (2c9ca35d110ef1b777fdb8c21ac644d2)] -> id: emailId]]]>
    </line>
    <line>
      <![CDATA[Element present [[ChromeDriver: chrome on XP (2c9ca35d110ef1b777fdb8c21ac644d2)] -> id: continueBtn]]]>
    </line>
    <line>
      <![CDATA[Unable to locate Proxy element for: DefaultElementLocator 'By.id: set-password']]>
    </line>
  </reporter-output>
  <suite name="Craftsvilla" duration-ms="76254" started-at="2018-08-05T17:35:38Z" finished-at="2018-08-05T17:36:54Z">
    <groups>
    </groups>
    <test name="Regression" duration-ms="76254" started-at="2018-08-05T17:35:38Z" finished-at="2018-08-05T17:36:54Z">
      <class name="com.craftsvilla.testscripts.SignUpScripts">
        <test-method status="PASS" signature="openApp(java.lang.String)[pri:0, instance:com.craftsvilla.testscripts.SignUpScripts@30a3107a]" name="openApp" is-config="true" duration-ms="12578" started-at="2018-08-05T17:35:38Z" finished-at="2018-08-05T17:35:51Z">
          <params>
            <param index="0">
              <value>
                <![CDATA[chrome]]>
              </value>
            </param>
          </params>
          <reporter-output>
          </reporter-output>
        </test-method> <!-- openApp -->
        <test-method status="FAIL" signature="TC_02_RegisterUser()[pri:0, instance:com.craftsvilla.testscripts.SignUpScripts@30a3107a]" name="TC_02_RegisterUser" duration-ms="61304" started-at="2018-08-05T17:35:51Z" finished-at="2018-08-05T17:36:52Z">
          <exception class="org.openqa.selenium.NoSuchElementException">
            <message>
              <![CDATA[no such element: Unable to locate element: {"method":"id","selector":"set-password"}
  (Session info: chrome=67.0.3396.99)
  (Driver info: chromedriver=2.40.565498 (ea082db3280dd6843ebfb08a625e3eb905c4f5ab),platform=Windows NT 10.0.17134 x86_64) (WARNING: The server did not provide any stacktrace information)
Command duration or timeout: 0 milliseconds
For documentation on this error, please visit: http://seleniumhq.org/exceptions/no_such_element.html
Build info: version: '3.12.0', revision: '7c6e0b3', time: '2018-05-08T15:15:08.936Z'
System info: host: 'DESKTOP-01THEB1', ip: '192.168.0.112', os.name: 'Windows 10', os.arch: 'amd64', os.version: '10.0', java.version: '1.8.0_172'
Driver info: org.openqa.selenium.chrome.ChromeDriver
Capabilities {acceptInsecureCerts: false, acceptSslCerts: false, applicationCacheEnabled: false, browserConnectionEnabled: false, browserName: chrome, chrome: {chromedriverVersion: 2.40.565498 (ea082db3280dd6..., userDataDir: C:\Users\Zerobean\AppData\L...}, cssSelectorsEnabled: true, databaseEnabled: false, handlesAlerts: true, hasTouchScreen: false, javascriptEnabled: true, locationContextEnabled: true, mobileEmulationEnabled: false, nativeEvents: true, networkConnectionEnabled: false, pageLoadStrategy: normal, platform: XP, platformName: XP, rotatable: false, setWindowRect: true, takesHeapSnapshot: true, takesScreenshot: true, unexpectedAlertBehaviour: , unhandledPromptBehavior: , version: 67.0.3396.99, webStorageEnabled: true}
Session ID: 2c9ca35d110ef1b777fdb8c21ac644d2
*** Element info: {Using=id, value=set-password}]]>
            </message>
            <full-stacktrace>
              <![CDATA[org.openqa.selenium.NoSuchElementException: no such element: Unable to locate element: {"method":"id","selector":"set-password"}
  (Session info: chrome=67.0.3396.99)
  (Driver info: chromedriver=2.40.565498 (ea082db3280dd6843ebfb08a625e3eb905c4f5ab),platform=Windows NT 10.0.17134 x86_64) (WARNING: The server did not provide any stacktrace information)
Command duration or timeout: 0 milliseconds
For documentation on this error, please visit: http://seleniumhq.org/exceptions/no_such_element.html
Build info: version: '3.12.0', revision: '7c6e0b3', time: '2018-05-08T15:15:08.936Z'
System info: host: 'DESKTOP-01THEB1', ip: '192.168.0.112', os.name: 'Windows 10', os.arch: 'amd64', os.version: '10.0', java.version: '1.8.0_172'
Driver info: org.openqa.selenium.chrome.ChromeDriver
Capabilities {acceptInsecureCerts: false, acceptSslCerts: false, applicationCacheEnabled: false, browserConnectionEnabled: false, browserName: chrome, chrome: {chromedriverVersion: 2.40.565498 (ea082db3280dd6..., userDataDir: C:\Users\Zerobean\AppData\L...}, cssSelectorsEnabled: true, databaseEnabled: false, handlesAlerts: true, hasTouchScreen: false, javascriptEnabled: true, locationContextEnabled: true, mobileEmulationEnabled: false, nativeEvents: true, networkConnectionEnabled: false, pageLoadStrategy: normal, platform: XP, platformName: XP, rotatable: false, setWindowRect: true, takesHeapSnapshot: true, takesScreenshot: true, unexpectedAlertBehaviour: , unhandledPromptBehavior: , version: 67.0.3396.99, webStorageEnabled: true}
Session ID: 2c9ca35d110ef1b777fdb8c21ac644d2
*** Element info: {Using=id, value=set-password}
at sun.reflect.NativeConstructorAccessorImpl.newInstance0(Native Method)
at sun.reflect.NativeConstructorAccessorImpl.newInstance(Unknown Source)
at sun.reflect.DelegatingConstructorAccessorImpl.newInstance(Unknown Source)
at java.lang.reflect.Constructor.newInstance(Unknown Source)
at org.openqa.selenium.remote.ErrorHandler.createThrowable(ErrorHandler.java:214)
at org.openqa.selenium.remote.ErrorHandler.throwIfResponseFailed(ErrorHandler.java:166)
at org.openqa.selenium.remote.http.JsonHttpResponseCodec.reconstructValue(JsonHttpResponseCodec.java:40)
at org.openqa.selenium.remote.http.AbstractHttpResponseCodec.decode(AbstractHttpResponseCodec.java:80)
at org.openqa.selenium.remote.http.AbstractHttpResponseCodec.decode(AbstractHttpResponseCodec.java:44)
at org.openqa.selenium.remote.HttpCommandExecutor.execute(HttpCommandExecutor.java:158)
at org.openqa.selenium.remote.service.DriverCommandExecutor.execute(DriverCommandExecutor.java:83)
at org.openqa.selenium.remote.RemoteWebDriver.execute(RemoteWebDriver.java:543)
at org.openqa.selenium.remote.RemoteWebDriver.findElement(RemoteWebDriver.java:317)
at org.openqa.selenium.remote.RemoteWebDriver.findElementById(RemoteWebDriver.java:363)
at org.openqa.selenium.By$ById.findElement(By.java:188)
at org.openqa.selenium.remote.RemoteWebDriver.findElement(RemoteWebDriver.java:309)
at org.openqa.selenium.support.pagefactory.DefaultElementLocator.findElement(DefaultElementLocator.java:69)
at org.openqa.selenium.support.pagefactory.internal.LocatingElementHandler.invoke(LocatingElementHandler.java:38)
at com.sun.proxy.$Proxy10.sendKeys(Unknown Source)
at com.craftsvilla.pompages.SignInPage.setPassword(SignInPage.java:46)
at com.craftsvilla.testscripts.SignUpScripts.TC_02_RegisterUser(SignUpScripts.java:34)
at sun.reflect.NativeMethodAccessorImpl.invoke0(Native Method)
at sun.reflect.NativeMethodAccessorImpl.invoke(Unknown Source)
at sun.reflect.DelegatingMethodAccessorImpl.invoke(Unknown Source)
at java.lang.reflect.Method.invoke(Unknown Source)
at org.testng.internal.MethodInvocationHelper.invokeMethod(MethodInvocationHelper.java:124)
at org.testng.internal.Invoker.invokeMethod(Invoker.java:580)
at org.testng.internal.Invoker.invokeTestMethod(Invoker.java:716)
at org.testng.internal.Invoker.invokeTestMethods(Invoker.java:988)
at org.testng.internal.TestMethodWorker.invokeTestMethods(TestMethodWorker.java:125)
at org.testng.internal.TestMethodWorker.run(TestMethodWorker.java:109)
at org.testng.TestRunner.privateRun(TestRunner.java:648)
at org.testng.TestRunner.run(TestRunner.java:505)
at org.testng.SuiteRunner.runTest(SuiteRunner.java:455)
at org.testng.SuiteRunner.runSequentially(SuiteRunner.java:450)
at org.testng.SuiteRunner.privateRun(SuiteRunner.java:415)
at org.testng.SuiteRunner.run(SuiteRunner.java:364)
at org.testng.SuiteRunnerWorker.runSuite(SuiteRunnerWorker.java:52)
at org.testng.SuiteRunnerWorker.run(SuiteRunnerWorker.java:84)
at org.testng.TestNG.runSuitesSequentially(TestNG.java:1208)
at org.testng.TestNG.runSuitesLocally(TestNG.java:1137)
at org.testng.TestNG.runSuites(TestNG.java:1049)
at org.testng.TestNG.run(TestNG.java:1017)
at org.testng.remote.AbstractRemoteTestNG.run(AbstractRemoteTestNG.java:114)
at org.testng.remote.RemoteTestNG.initAndRun(RemoteTestNG.java:251)
at org.testng.remote.RemoteTestNG.main(RemoteTestNG.java:77)
]]>
            </full-stacktrace>
          </exception> <!-- org.openqa.selenium.NoSuchElementException -->
          <reporter-output>
            <line>
              <![CDATA[Element present [[ChromeDriver: chrome on XP (2c9ca35d110ef1b777fdb8c21ac644d2)] -> xpath: //span[text()='Sign In']]]]>
            </line>
            <line>
              <![CDATA[Element present [[ChromeDriver: chrome on XP (2c9ca35d110ef1b777fdb8c21ac644d2)] -> id: emailId]]]>
            </line>
            <line>
              <![CDATA[Element present [[ChromeDriver: chrome on XP (2c9ca35d110ef1b777fdb8c21ac644d2)] -> id: continueBtn]]]>
            </line>
            <line>
              <![CDATA[Element present [[ChromeDriver: chrome on XP (2c9ca35d110ef1b777fdb8c21ac644d2)] -> id: set-password]]]>
            </line>
            <line>
              <![CDATA[Element present [[ChromeDriver: chrome on XP (2c9ca35d110ef1b777fdb8c21ac644d2)] -> id: userRegister]]]>
            </line>
            <line>
              <![CDATA[Element present [[ChromeDriver: chrome on XP (2c9ca35d110ef1b777fdb8c21ac644d2)] -> xpath: //i[@class='icon first_arrow hidden-xs']]]]>
            </line>
            <line>
              <![CDATA[]]>
            </line>
            <line>
              <![CDATA[Element present [[ChromeDriver: chrome on XP (2c9ca35d110ef1b777fdb8c21ac644d2)] -> xpath: //a[@href='https://cvaccount.craftsvilla.com/customer/account/logout']]]]>
            </line>
            <line>
              <![CDATA[Element present [[ChromeDriver: chrome on XP (2c9ca35d110ef1b777fdb8c21ac644d2)] -> xpath: //span[text()='Sign In']]]]>
            </line>
            <line>
              <![CDATA[Element present [[ChromeDriver: chrome on XP (2c9ca35d110ef1b777fdb8c21ac644d2)] -> id: emailId]]]>
            </line>
            <line>
              <![CDATA[Element present [[ChromeDriver: chrome on XP (2c9ca35d110ef1b777fdb8c21ac644d2)] -> id: continueBtn]]]>
            </line>
            <line>
              <![CDATA[Unable to locate Proxy element for: DefaultElementLocator 'By.id: set-password']]>
            </line>
          </reporter-output>
        </test-method> <!-- TC_02_RegisterUser -->
        <test-method status="PASS" signature="closeApp()[pri:0, instance:com.craftsvilla.testscripts.SignUpScripts@30a3107a]" name="closeApp" is-config="true" duration-ms="1063" started-at="2018-08-05T17:36:53Z" finished-at="2018-08-05T17:36:54Z">
          <reporter-output>
          </reporter-output>
        </test-method> <!-- closeApp -->
      </class> <!-- com.craftsvilla.testscripts.SignUpScripts -->
    </test> <!-- Regression -->
  </suite> <!-- Craftsvilla -->
</testng-results>
